<?xml version="1.0" encoding="UTF-8"?>
<!-- Generated by org.testng.reporters.JUnitReportReporter -->
<testsuite hostname="DESKTOP-IV7DQAN" failures="0" tests="8" name="cucumberOptions.TestRunner" time="229.751" errors="0" timestamp="17 Jan 2022 18:13:49 GMT" skipped="0">
  <testcase classname="cucumberOptions.TestRunner" name="runScenario" time="19.455"/>
  <testcase classname="cucumberOptions.TestRunner" name="runScenario" time="23.182"/>
  <testcase classname="cucumberOptions.TestRunner" name="runScenario" time="31.371"/>
  <testcase classname="cucumberOptions.TestRunner" name="runScenario" time="17.751"/>
  <testcase classname="cucumberOptions.TestRunner" name="runScenario" time="28.285"/>
  <testcase classname="cucumberOptions.TestRunner" name="runScenario" time="57.293"/>
  <testcase classname="cucumberOptions.TestRunner" name="runScenario" time="21.001"/>
  <testcase classname="cucumberOptions.TestRunner" name="runScenario" time="31.413"/>
</testsuite> <!-- cucumberOptions.TestRunner -->
